C:\USERS\ASUS\DESKTOP\LAPR5\GAME3D\LAPR5\LAPR5\DEBUG\CAMERA.OBJ
C:\USERS\ASUS\DESKTOP\LAPR5\GAME3D\LAPR5\LAPR5\DEBUG\ESTADO.OBJ
C:\USERS\ASUS\DESKTOP\LAPR5\GAME3D\LAPR5\LAPR5\DEBUG\GRAFOS.OBJ
C:\USERS\ASUS\DESKTOP\LAPR5\GAME3D\LAPR5\LAPR5\DEBUG\JOGODOGALO_OPENGL.OBJ
C:\USERS\ASUS\DESKTOP\LAPR5\GAME3D\LAPR5\LAPR5\DEBUG\LABIRINTO.OBJ
C:\USERS\ASUS\DESKTOP\LAPR5\GAME3D\LAPR5\LAPR5\DEBUG\LAPR5.OBJ
C:\USERS\ASUS\DESKTOP\LAPR5\GAME3D\LAPR5\LAPR5\DEBUG\MINIJOGOENFORCADO.OBJ
C:\USERS\ASUS\DESKTOP\LAPR5\GAME3D\LAPR5\LAPR5\DEBUG\MINIJOGOGALO.OBJ
C:\USERS\ASUS\DESKTOP\LAPR5\GAME3D\LAPR5\LAPR5\DEBUG\MINIJOGOLABIRINTO.OBJ
C:\USERS\ASUS\DESKTOP\LAPR5\GAME3D\LAPR5\LAPR5\DEBUG\MODELO.OBJ
C:\USERS\ASUS\DESKTOP\LAPR5\GAME3D\LAPR5\LAPR5\DEBUG\OBJECTO.OBJ
C:\USERS\ASUS\DESKTOP\LAPR5\GAME3D\LAPR5\LAPR5\DEBUG\PONTO.OBJ
C:\USERS\ASUS\DESKTOP\LAPR5\GAME3D\LAPR5\LAPR5\DEBUG\RELACAO.OBJ
C:\USERS\ASUS\DESKTOP\LAPR5\GAME3D\LAPR5\LAPR5\DEBUG\TECLAS.OBJ
C:\USERS\ASUS\DESKTOP\LAPR5\GAME3D\LAPR5\LAPR5\DEBUG\UTILIZADOR.OBJ
C:\USERS\ASUS\DESKTOP\LAPR5\GAME3D\LAPR5\LAPR5\DEBUG\VC110.PDB
C:\USERS\ASUS\DESKTOP\LAPR5\GAME3D\LAPR5\DEBUG\LAPR5.ILK
C:\USERS\ASUS\DESKTOP\LAPR5\GAME3D\LAPR5\DEBUG\LAPR5.EXE
C:\USERS\ASUS\DESKTOP\LAPR5\GAME3D\LAPR5\DEBUG\LAPR5.PDB
C:\Users\Asus\Desktop\LAPR5\Game3D\Lapr5\Lapr5\Debug\Camera.obj
C:\Users\Asus\Desktop\LAPR5\Game3D\Lapr5\Lapr5\Debug\Estado.obj
C:\Users\Asus\Desktop\LAPR5\Game3D\Lapr5\Lapr5\Debug\grafos.obj
C:\Users\Asus\Desktop\LAPR5\Game3D\Lapr5\Lapr5\Debug\JogoDoGalo_openGL.obj
C:\Users\Asus\Desktop\LAPR5\Game3D\Lapr5\Lapr5\Debug\Labirinto.obj
C:\Users\Asus\Desktop\LAPR5\Game3D\Lapr5\Lapr5\Debug\lapr5.obj
C:\Users\Asus\Desktop\LAPR5\Game3D\Lapr5\Lapr5\Debug\MinijogoEnforcado.obj
C:\Users\Asus\Desktop\LAPR5\Game3D\Lapr5\Lapr5\Debug\MinijogoGalo.obj
C:\Users\Asus\Desktop\LAPR5\Game3D\Lapr5\Lapr5\Debug\MiniJogoLabirinto.obj
C:\Users\Asus\Desktop\LAPR5\Game3D\Lapr5\Lapr5\Debug\Modelo.obj
C:\Users\Asus\Desktop\LAPR5\Game3D\Lapr5\Lapr5\Debug\Objecto.obj
C:\Users\Asus\Desktop\LAPR5\Game3D\Lapr5\Lapr5\Debug\Ponto.obj
C:\Users\Asus\Desktop\LAPR5\Game3D\Lapr5\Lapr5\Debug\Relacao.obj
C:\Users\Asus\Desktop\LAPR5\Game3D\Lapr5\Lapr5\Debug\Teclas.obj
C:\Users\Asus\Desktop\LAPR5\Game3D\Lapr5\Lapr5\Debug\Utilizador.obj
C:\Users\Asus\Desktop\LAPR5\Game3D\Lapr5\Lapr5\Debug\cl.command.1.tlog
C:\Users\Asus\Desktop\LAPR5\Game3D\Lapr5\Lapr5\Debug\CL.read.1.tlog
C:\Users\Asus\Desktop\LAPR5\Game3D\Lapr5\Lapr5\Debug\CL.write.1.tlog
C:\Users\Asus\Desktop\LAPR5\Game3D\Lapr5\Lapr5\Debug\link-cvtres.read.1.tlog
C:\Users\Asus\Desktop\LAPR5\Game3D\Lapr5\Lapr5\Debug\link-cvtres.write.1.tlog
C:\Users\Asus\Desktop\LAPR5\Game3D\Lapr5\Lapr5\Debug\link-rc.read.1.tlog
C:\Users\Asus\Desktop\LAPR5\Game3D\Lapr5\Lapr5\Debug\link-rc.write.1.tlog
C:\Users\Asus\Desktop\LAPR5\Game3D\Lapr5\Lapr5\Debug\link.1112-cvtres.read.1.tlog
C:\Users\Asus\Desktop\LAPR5\Game3D\Lapr5\Lapr5\Debug\link.1112-cvtres.write.1.tlog
C:\Users\Asus\Desktop\LAPR5\Game3D\Lapr5\Lapr5\Debug\link.1112-rc.read.1.tlog
C:\Users\Asus\Desktop\LAPR5\Game3D\Lapr5\Lapr5\Debug\link.1112-rc.write.1.tlog
C:\Users\Asus\Desktop\LAPR5\Game3D\Lapr5\Lapr5\Debug\link.1112.read.1.tlog
C:\Users\Asus\Desktop\LAPR5\Game3D\Lapr5\Lapr5\Debug\link.1112.write.1.tlog
C:\Users\Asus\Desktop\LAPR5\Game3D\Lapr5\Lapr5\Debug\link.1780-cvtres.read.1.tlog
C:\Users\Asus\Desktop\LAPR5\Game3D\Lapr5\Lapr5\Debug\link.1780-cvtres.write.1.tlog
C:\Users\Asus\Desktop\LAPR5\Game3D\Lapr5\Lapr5\Debug\link.1780-rc.read.1.tlog
C:\Users\Asus\Desktop\LAPR5\Game3D\Lapr5\Lapr5\Debug\link.1780-rc.write.1.tlog
C:\Users\Asus\Desktop\LAPR5\Game3D\Lapr5\Lapr5\Debug\link.1780.read.1.tlog
C:\Users\Asus\Desktop\LAPR5\Game3D\Lapr5\Lapr5\Debug\link.1780.write.1.tlog
C:\Users\Asus\Desktop\LAPR5\Game3D\Lapr5\Lapr5\Debug\link.5548-cvtres.read.1.tlog
C:\Users\Asus\Desktop\LAPR5\Game3D\Lapr5\Lapr5\Debug\link.5548-cvtres.write.1.tlog
C:\Users\Asus\Desktop\LAPR5\Game3D\Lapr5\Lapr5\Debug\link.5548-rc.read.1.tlog
C:\Users\Asus\Desktop\LAPR5\Game3D\Lapr5\Lapr5\Debug\link.5548-rc.write.1.tlog
C:\Users\Asus\Desktop\LAPR5\Game3D\Lapr5\Lapr5\Debug\link.5548.read.1.tlog
C:\Users\Asus\Desktop\LAPR5\Game3D\Lapr5\Lapr5\Debug\link.5548.write.1.tlog
C:\Users\Asus\Desktop\LAPR5\Game3D\Lapr5\Lapr5\Debug\link.5976-cvtres.read.1.tlog
C:\Users\Asus\Desktop\LAPR5\Game3D\Lapr5\Lapr5\Debug\link.5976-cvtres.write.1.tlog
C:\Users\Asus\Desktop\LAPR5\Game3D\Lapr5\Lapr5\Debug\link.5976-rc.read.1.tlog
C:\Users\Asus\Desktop\LAPR5\Game3D\Lapr5\Lapr5\Debug\link.5976-rc.write.1.tlog
C:\Users\Asus\Desktop\LAPR5\Game3D\Lapr5\Lapr5\Debug\link.5976.read.1.tlog
C:\Users\Asus\Desktop\LAPR5\Game3D\Lapr5\Lapr5\Debug\link.5976.write.1.tlog
C:\Users\Asus\Desktop\LAPR5\Game3D\Lapr5\Lapr5\Debug\link.688-cvtres.read.1.tlog
C:\Users\Asus\Desktop\LAPR5\Game3D\Lapr5\Lapr5\Debug\link.688-cvtres.write.1.tlog
C:\Users\Asus\Desktop\LAPR5\Game3D\Lapr5\Lapr5\Debug\link.688-rc.read.1.tlog
C:\Users\Asus\Desktop\LAPR5\Game3D\Lapr5\Lapr5\Debug\link.688-rc.write.1.tlog
C:\Users\Asus\Desktop\LAPR5\Game3D\Lapr5\Lapr5\Debug\link.688.read.1.tlog
C:\Users\Asus\Desktop\LAPR5\Game3D\Lapr5\Lapr5\Debug\link.688.write.1.tlog
C:\Users\Asus\Desktop\LAPR5\Game3D\Lapr5\Lapr5\Debug\link.6960-cvtres.read.1.tlog
C:\Users\Asus\Desktop\LAPR5\Game3D\Lapr5\Lapr5\Debug\link.6960-cvtres.write.1.tlog
C:\Users\Asus\Desktop\LAPR5\Game3D\Lapr5\Lapr5\Debug\link.6960-rc.read.1.tlog
C:\Users\Asus\Desktop\LAPR5\Game3D\Lapr5\Lapr5\Debug\link.6960-rc.write.1.tlog
C:\Users\Asus\Desktop\LAPR5\Game3D\Lapr5\Lapr5\Debug\link.6960.read.1.tlog
C:\Users\Asus\Desktop\LAPR5\Game3D\Lapr5\Lapr5\Debug\link.6960.write.1.tlog
C:\Users\Asus\Desktop\LAPR5\Game3D\Lapr5\Lapr5\Debug\link.7908-cvtres.read.1.tlog
C:\Users\Asus\Desktop\LAPR5\Game3D\Lapr5\Lapr5\Debug\link.7908-cvtres.write.1.tlog
C:\Users\Asus\Desktop\LAPR5\Game3D\Lapr5\Lapr5\Debug\link.7908-rc.read.1.tlog
C:\Users\Asus\Desktop\LAPR5\Game3D\Lapr5\Lapr5\Debug\link.7908-rc.write.1.tlog
C:\Users\Asus\Desktop\LAPR5\Game3D\Lapr5\Lapr5\Debug\link.7908.read.1.tlog
C:\Users\Asus\Desktop\LAPR5\Game3D\Lapr5\Lapr5\Debug\link.7908.write.1.tlog
C:\Users\Asus\Desktop\LAPR5\Game3D\Lapr5\Lapr5\Debug\link.8004-cvtres.read.1.tlog
C:\Users\Asus\Desktop\LAPR5\Game3D\Lapr5\Lapr5\Debug\link.8004-cvtres.write.1.tlog
C:\Users\Asus\Desktop\LAPR5\Game3D\Lapr5\Lapr5\Debug\link.8004-rc.read.1.tlog
C:\Users\Asus\Desktop\LAPR5\Game3D\Lapr5\Lapr5\Debug\link.8004-rc.write.1.tlog
C:\Users\Asus\Desktop\LAPR5\Game3D\Lapr5\Lapr5\Debug\link.8004.read.1.tlog
C:\Users\Asus\Desktop\LAPR5\Game3D\Lapr5\Lapr5\Debug\link.8004.write.1.tlog
C:\Users\Asus\Desktop\LAPR5\Game3D\Lapr5\Lapr5\Debug\link.command.1.tlog
C:\Users\Asus\Desktop\LAPR5\Game3D\Lapr5\Lapr5\Debug\link.read.1.tlog
C:\Users\Asus\Desktop\LAPR5\Game3D\Lapr5\Lapr5\Debug\link.write.1.tlog
C:\Users\Asus\Desktop\LAPR5\Game3D\Lapr5\Lapr5\Debug\vc110.idb
C:\Users\Asus\Desktop\LAPR5\Game3D\Lapr5\Lapr5\Debug\vc110.pdb
C:\Users\Asus\Desktop\LAPR5\Game3D\Lapr5\Debug\Lapr5.pdb
C:\Users\Asus\Desktop\LAPR5\Game3D\Lapr5\Debug\Lapr5.exe
C:\Users\Asus\Desktop\LAPR5\Game3D\Lapr5\Debug\Lapr5.ilk
