Build started 13-01-2014 13:26:47.
     1>Project "C:\Users\Fred\Desktop\ISEP\LAPR5\Game\Game3D\HangMan\HangMan\HangMan.vcxproj" on node 2 (Build target(s)).
     1>ClCompile:
         C:\Program Files\Microsoft Visual Studio 11.0\VC\bin\CL.exe /c /IC:\GLAux\GL /IC:\GLUT\GL /I"C:\Program Files\swipl\include" /ZI /nologo /W3 /WX- /Od /Oy- /D WIN32 /D _DEBUG /D _CONSOLE /D GLUT_BUILDING_LIB /D _UNICODE /D UNICODE /Gm /EHsc /RTC1 /MDd /GS /fp:precise /Zc:wchar_t /Zc:forScope /Fo"Debug\\" /Fd"Debug\vc110.pdb" /Gd /TP /analyze- /errorReport:prompt main.cpp
         main.cpp
     1>c:\users\fred\desktop\isep\lapr5\game\game3d\hangman\hangman\glui.h(205): warning C4996: 'strcpy': This function or variable may be unsafe. Consider using strcpy_s instead. To disable deprecation, use _CRT_SECURE_NO_WARNINGS. See online help for details.
                 c:\program files\microsoft visual studio 11.0\vc\include\string.h(110) : see declaration of 'strcpy'
     1>c:\users\fred\desktop\isep\lapr5\game\game3d\hangman\hangman\glui.h(796): warning C4996: 'sprintf': This function or variable may be unsafe. Consider using sprintf_s instead. To disable deprecation, use _CRT_SECURE_NO_WARNINGS. See online help for details.
                 c:\program files\microsoft visual studio 11.0\vc\include\stdio.h(357) : see declaration of 'sprintf'
     1>c:\users\fred\desktop\isep\lapr5\game\game3d\hangman\hangman\glui.h(810): warning C4996: 'strcpy': This function or variable may be unsafe. Consider using strcpy_s instead. To disable deprecation, use _CRT_SECURE_NO_WARNINGS. See online help for details.
                 c:\program files\microsoft visual studio 11.0\vc\include\string.h(110) : see declaration of 'strcpy'
     1>c:\users\fred\desktop\isep\lapr5\game\game3d\hangman\hangman\glui.h(811): warning C4996: 'strcpy': This function or variable may be unsafe. Consider using strcpy_s instead. To disable deprecation, use _CRT_SECURE_NO_WARNINGS. See online help for details.
                 c:\program files\microsoft visual studio 11.0\vc\include\string.h(110) : see declaration of 'strcpy'
     1>c:\users\fred\desktop\isep\lapr5\game\game3d\hangman\hangman\glui.h(852): warning C4996: 'sprintf': This function or variable may be unsafe. Consider using sprintf_s instead. To disable deprecation, use _CRT_SECURE_NO_WARNINGS. See online help for details.
                 c:\program files\microsoft visual studio 11.0\vc\include\stdio.h(357) : see declaration of 'sprintf'
     1>c:\users\fred\desktop\isep\lapr5\game\game3d\hangman\hangman\glui.h(894): warning C4996: 'sprintf': This function or variable may be unsafe. Consider using sprintf_s instead. To disable deprecation, use _CRT_SECURE_NO_WARNINGS. See online help for details.
                 c:\program files\microsoft visual studio 11.0\vc\include\stdio.h(357) : see declaration of 'sprintf'
     1>c:\users\fred\desktop\isep\lapr5\game\game3d\hangman\hangman\glui.h(955): warning C4996: 'strcpy': This function or variable may be unsafe. Consider using strcpy_s instead. To disable deprecation, use _CRT_SECURE_NO_WARNINGS. See online help for details.
                 c:\program files\microsoft visual studio 11.0\vc\include\string.h(110) : see declaration of 'strcpy'
     1>c:\users\fred\desktop\isep\lapr5\game\game3d\hangman\hangman\glui.h(999): warning C4996: 'strcpy': This function or variable may be unsafe. Consider using strcpy_s instead. To disable deprecation, use _CRT_SECURE_NO_WARNINGS. See online help for details.
                 c:\program files\microsoft visual studio 11.0\vc\include\string.h(110) : see declaration of 'strcpy'
     1>c:\users\fred\desktop\isep\lapr5\game\game3d\hangman\hangman\glui.h(1286): warning C4996: 'sprintf': This function or variable may be unsafe. Consider using sprintf_s instead. To disable deprecation, use _CRT_SECURE_NO_WARNINGS. See online help for details.
                 c:\program files\microsoft visual studio 11.0\vc\include\stdio.h(357) : see declaration of 'sprintf'
     1>c:\users\fred\desktop\isep\lapr5\game\game3d\hangman\hangman\glui.h(1386): warning C4996: 'sprintf': This function or variable may be unsafe. Consider using sprintf_s instead. To disable deprecation, use _CRT_SECURE_NO_WARNINGS. See online help for details.
                 c:\program files\microsoft visual studio 11.0\vc\include\stdio.h(357) : see declaration of 'sprintf'
     1>c:\users\fred\desktop\isep\lapr5\game\game3d\hangman\hangman\glui.h(1481): warning C4996: 'sprintf': This function or variable may be unsafe. Consider using sprintf_s instead. To disable deprecation, use _CRT_SECURE_NO_WARNINGS. See online help for details.
                 c:\program files\microsoft visual studio 11.0\vc\include\stdio.h(357) : see declaration of 'sprintf'
     1>c:\users\fred\desktop\isep\lapr5\game\game3d\hangman\hangman\glui.h(1531): warning C4996: 'sprintf': This function or variable may be unsafe. Consider using sprintf_s instead. To disable deprecation, use _CRT_SECURE_NO_WARNINGS. See online help for details.
                 c:\program files\microsoft visual studio 11.0\vc\include\stdio.h(357) : see declaration of 'sprintf'
     1>c:\users\fred\desktop\isep\lapr5\game\game3d\hangman\hangman\glui.h(1646): warning C4996: 'sprintf': This function or variable may be unsafe. Consider using sprintf_s instead. To disable deprecation, use _CRT_SECURE_NO_WARNINGS. See online help for details.
                 c:\program files\microsoft visual studio 11.0\vc\include\stdio.h(357) : see declaration of 'sprintf'
     1>c:\users\fred\desktop\isep\lapr5\game\game3d\hangman\hangman\main.cpp(519): warning C4018: '<' : signed/unsigned mismatch
       Link:
         C:\Program Files\Microsoft Visual Studio 11.0\VC\bin\link.exe /ERRORREPORT:PROMPT /OUT:"C:\Users\Fred\Desktop\ISEP\LAPR5\Game\Game3D\HangMan\Debug\HangMan.exe" /INCREMENTAL:NO /NOLOGO /LIBPATH:C:\GLUI /LIBPATH:C:\GLUT /LIBPATH:"C:\Program Files\swipl\lib" libswipl.dll.a glut32.lib opengl32.lib glu32.lib WS2_32.lib Winmm.lib kernel32.lib user32.lib gdi32.lib winspool.lib comdlg32.lib advapi32.lib shell32.lib ole32.lib oleaut32.lib uuid.lib odbc32.lib odbccp32.lib /MANIFEST /MANIFESTUAC:"level='asInvoker' uiAccess='false'" /manifest:embed /DEBUG /PDB:"C:\Users\Fred\Desktop\ISEP\LAPR5\Game\Game3D\HangMan\Debug\HangMan.pdb" /SUBSYSTEM:CONSOLE /TLBID:1 /DYNAMICBASE /NXCOMPAT /IMPLIB:"C:\Users\Fred\Desktop\ISEP\LAPR5\Game\Game3D\HangMan\Debug\HangMan.lib" /MACHINE:X86 Debug\HangMan.obj
         Debug\main.obj
         Debug\RGBpixmap.obj
     1>HangMan.obj : warning LNK4075: ignoring '/EDITANDCONTINUE' due to '/OPT:LBR' specification
         HangMan.vcxproj -> C:\Users\Fred\Desktop\ISEP\LAPR5\Game\Game3D\HangMan\Debug\HangMan.exe
     1>Done Building Project "C:\Users\Fred\Desktop\ISEP\LAPR5\Game\Game3D\HangMan\HangMan\HangMan.vcxproj" (Build target(s)).

Build succeeded.

Time Elapsed 00:00:03.26
